<?xml version="1.0" encoding="UTF-8"?>
<testng-results ignored="0" total="1" passed="1" failed="0" skipped="0">
  <reporter-output>
  </reporter-output>
  <suite started-at="2025-06-08T15:05:11 IST" name="Default suite" finished-at="2025-06-08T15:05:11 IST" duration-ms="96">
    <groups>
    </groups>
    <test started-at="2025-06-08T15:05:11 IST" name="Default test" finished-at="2025-06-08T15:05:11 IST" duration-ms="96">
      <class name="payload.Sampletest">
        <test-method signature="test1()[pri:0, instance:payload.Sampletest@67c27493]" started-at="2025-06-08T15:05:11 IST" name="test1" finished-at="2025-06-08T15:05:11 IST" duration-ms="19" status="PASS">
          <reporter-output>
          </reporter-output>
        </test-method> <!-- test1 -->
      </class> <!-- payload.Sampletest -->
    </test> <!-- Default test -->
  </suite> <!-- Default suite -->
</testng-results>
